[2026-07-15T07:00:44.316Z] GET http://localhost:5173/ → 200 (9ms, 595B)
[2026-07-15T07:00:44.331Z] GET http://localhost:5173/@vite/client → 200 (5ms, 137703B)
[2026-07-15T07:00:44.331Z] GET http://localhost:5173/src/main.tsx?t=1784019852625 → 200 (4ms, 4061B)
[2026-07-15T07:00:44.334Z] GET http://localhost:5173/@react-refresh → 200 (3ms, 117548B)
[2026-07-15T07:00:44.335Z] GET http://localhost:5173/node_modules/.vite/deps/react_jsx-dev-runtime.js?v=f291f925 → 200 (3ms, 37035B)
[2026-07-15T07:00:44.335Z] GET http://localhost:5173/node_modules/.vite/deps/react.js?v=f291f925 → 200 (3ms, 219B)
[2026-07-15T07:00:44.335Z] GET http://localhost:5173/node_modules/.vite/deps/react-dom_client.js?v=db740795 → 200 (4ms, 1118B)
[2026-07-15T07:00:44.335Z] GET http://localhost:5173/src/App.tsx?t=1784019838812 → 200 (13ms, 14581B)
[2026-07-15T07:00:44.335Z] GET http://localhost:5173/src/agent.ts?t=1784019802091 → 200 (13ms, 2873B)
[2026-07-15T07:00:44.335Z] GET http://localhost:5173/src/styles.css?t=1784019852625 → 200 (3ms, 14615B)
[2026-07-15T07:00:44.336Z] GET http://localhost:5173/src/store.ts?t=1784019802091 → 200 (3ms, 29255B)
[2026-07-15T07:00:44.336Z] GET http://localhost:5173/node_modules/vite/dist/client/env.mjs → 200 (3ms, 4021B)
[2026-07-15T07:00:44.338Z] GET http://localhost:5173/node_modules/.vite/deps/chunk-CANBAPAS.js?v=32178fd0 → 200 (10ms, 77818B)
[2026-07-15T07:00:44.338Z] GET http://localhost:5173/node_modules/.vite/deps/chunk-5WRI5ZAA.js?v=32178fd0 → 200 (1ms, 1400B)
[2026-07-15T07:00:44.339Z] GET http://localhost:5173/node_modules/.vite/deps/chunk-TYILIMWK.js?v=32178fd0 → 200 (10ms, 928095B)
[2026-07-15T07:00:44.339Z] GET http://localhost:5173/node_modules/.vite/deps/zustand.js?v=0212f47b → 200 (9ms, 11810B)
[2026-07-15T07:00:44.349Z] GET http://localhost:5173/src/api.ts → 200 (3ms, 4274B)
[2026-07-15T07:00:44.349Z] GET http://localhost:5173/src/components/Chat.tsx?t=1784019802091 → 200 (4ms, 30451B)
[2026-07-15T07:00:44.349Z] GET http://localhost:5173/src/components/Stage.tsx?t=1784019838812 → 200 (4ms, 14348B)
[2026-07-15T07:00:44.353Z] GET http://localhost:5173/node_modules/.vite/deps/@microsoft_fetch-event-source.js?v=6a261a9a → 200 (?ms, 6415B)
[2026-07-15T07:00:44.353Z] GET http://localhost:5173/src/components/EditorView.tsx?t=1784019802091 → 200 (?ms, 9786B)
[2026-07-15T07:00:44.353Z] GET http://localhost:5173/src/components/MapView.tsx?t=1784019802091 → 200 (?ms, 13365B)
[2026-07-15T07:00:44.353Z] GET http://localhost:5173/src/components/PlanView.tsx → 200 (1ms, 12345B)
[2026-07-15T07:00:44.353Z] GET http://localhost:5173/src/components/ReportView.tsx?t=1784019802091 → 200 (1ms, 10854B)
[2026-07-15T07:00:44.353Z] GET http://localhost:5173/src/map/adapter.ts?t=1784013437631 → 200 (1ms, 32200B)
[2026-07-15T07:00:44.354Z] GET http://localhost:5173/src/map/canvas2d.ts?t=1783988887069 → 200 (?ms, 25531B)
[2026-07-15T07:00:44.354Z] GET http://localhost:5173/node_modules/.vite/deps/maplibre-gl.js?v=e3a7637a → 200 (15ms, 1175616B)
[2026-07-15T07:00:44.354Z] GET http://localhost:5173/node_modules/maplibre-gl/dist/maplibre-gl.css → 200 (5ms, 66161B)
[2026-07-15T07:00:44.457Z] GET http://localhost:5173/api/config → 200 (9ms, 163B)
[2026-07-15T07:00:44.457Z] GET http://localhost:5173/api/config → 200 (7ms, 163B)
[2026-07-15T07:00:46.457Z] POST http://localhost:5173/api/agent/run → 200 (232ms, ?B)
[2026-07-15T07:00:51.506Z] POST http://localhost:5173/api/agent/run → 200 (2ms, ?B)
